<?xml version="1.0" encoding="UTF-8"?>
<!-- Generated by org.testng.reporters.JUnitXMLReporter -->
<testsuite hostname="srijans-MacBook-Pro-103.local" name="Test" tests="1" failures="0" timestamp="21 Apr 2020 07:17:08 GMT" time="0.012" errors="0">
  <testcase name="@BeforeSuite beforeSuite" time="0.0" classname="com.Ezcontent.Automation.SetupSuite">
    <failure type="java.lang.NoClassDefFoundError" message="org/apache/commons/compress/archivers/ArchiveInputStream">
      <![CDATA[java.lang.NoClassDefFoundError: org/apache/commons/compress/archivers/ArchiveInputStream
	at org.rauschig.jarchivelib.ArchiverFactory.createArchiver(ArchiverFactory.java:97)
	at io.github.bonigarcia.wdm.Downloader.unTarGz(Downloader.java:275)
	at io.github.bonigarcia.wdm.Downloader.extract(Downloader.java:188)
	at io.github.bonigarcia.wdm.Downloader.downloadAndExtract(Downloader.java:138)
	at io.github.bonigarcia.wdm.Downloader.download(Downloader.java:81)
	at io.github.bonigarcia.wdm.WebDriverManager.downloadCandidateUrls(WebDriverManager.java:723)
	at io.github.bonigarcia.wdm.WebDriverManager.manage(WebDriverManager.java:536)
	at io.github.bonigarcia.wdm.WebDriverManager.setup(WebDriverManager.java:260)
	at Base.BaseClass.beforeSuite(BaseClass.java:19)
	at com.Ezcontent.Automation.SetupSuite.beforeSuite(SetupSuite.java:20)
Caused by: java.lang.ClassNotFoundException: org.apache.commons.compress.archivers.ArchiveInputStream
	at java.net.URLClassLoader.findClass(URLClassLoader.java:381)
	at java.lang.ClassLoader.loadClass(ClassLoader.java:424)
	at sun.misc.Launcher$AppClassLoader.loadClass(Launcher.java:349)
	at java.lang.ClassLoader.loadClass(ClassLoader.java:357)
	... 28 more
... Removed 18 stack frames]]>
    </failure>
  </testcase> <!-- @BeforeSuite beforeSuite -->
  <testcase name="loginPage" time="0.0" classname="com.Ezcontent.Automation.LoginPage">
    <skipped/>
  </testcase> <!-- loginPage -->
</testsuite> <!-- Test -->
