<?xml version="1.0" encoding="UTF-8"?>
<testng-results skipped="1" failed="0" total="1" passed="0">
  <reporter-output>
  </reporter-output>
  <suite name="Suite" duration-ms="12" started-at="2020-04-21T07:17:08Z" finished-at="2020-04-21T07:17:08Z">
    <groups>
    </groups>
    <test name="Test" duration-ms="12" started-at="2020-04-21T07:17:08Z" finished-at="2020-04-21T07:17:08Z">
      <class name="com.Ezcontent.Automation.SetupSuite">
        <test-method status="FAIL" signature="beforeSuite()[pri:0, instance:com.Ezcontent.Automation.SetupSuite@35bbe5e8]" name="beforeSuite" is-config="true" duration-ms="0" started-at="2020-04-21T12:47:03Z" finished-at="2020-04-21T12:47:03Z">
          <exception class="java.lang.NoClassDefFoundError">
            <message>
              <![CDATA[org/apache/commons/compress/archivers/ArchiveInputStream]]>
            </message>
            <full-stacktrace>
              <![CDATA[java.lang.NoClassDefFoundError: org/apache/commons/compress/archivers/ArchiveInputStream
	at org.rauschig.jarchivelib.ArchiverFactory.createArchiver(ArchiverFactory.java:97)
	at io.github.bonigarcia.wdm.Downloader.unTarGz(Downloader.java:275)
	at io.github.bonigarcia.wdm.Downloader.extract(Downloader.java:188)
	at io.github.bonigarcia.wdm.Downloader.downloadAndExtract(Downloader.java:138)
	at io.github.bonigarcia.wdm.Downloader.download(Downloader.java:81)
	at io.github.bonigarcia.wdm.WebDriverManager.downloadCandidateUrls(WebDriverManager.java:723)
	at io.github.bonigarcia.wdm.WebDriverManager.manage(WebDriverManager.java:536)
	at io.github.bonigarcia.wdm.WebDriverManager.setup(WebDriverManager.java:260)
	at Base.BaseClass.beforeSuite(BaseClass.java:19)
	at com.Ezcontent.Automation.SetupSuite.beforeSuite(SetupSuite.java:20)
	at sun.reflect.NativeMethodAccessorImpl.invoke0(Native Method)
	at sun.reflect.NativeMethodAccessorImpl.invoke(NativeMethodAccessorImpl.java:62)
	at sun.reflect.DelegatingMethodAccessorImpl.invoke(DelegatingMethodAccessorImpl.java:43)
	at java.lang.reflect.Method.invoke(Method.java:498)
	at org.testng.internal.MethodInvocationHelper.invokeMethod(MethodInvocationHelper.java:86)
	at org.testng.internal.Invoker.invokeConfigurationMethod(Invoker.java:514)
	at org.testng.internal.Invoker.invokeConfigurations(Invoker.java:215)
	at org.testng.internal.Invoker.invokeConfigurations(Invoker.java:142)
	at org.testng.SuiteRunner.privateRun(SuiteRunner.java:305)
	at org.testng.SuiteRunner.run(SuiteRunner.java:268)
	at org.testng.SuiteRunnerWorker.runSuite(SuiteRunnerWorker.java:52)
	at org.testng.SuiteRunnerWorker.run(SuiteRunnerWorker.java:86)
	at org.testng.TestNG.runSuitesSequentially(TestNG.java:1244)
	at org.testng.TestNG.runSuitesLocally(TestNG.java:1169)
	at org.testng.TestNG.run(TestNG.java:1064)
	at org.testng.remote.RemoteTestNG.run(RemoteTestNG.java:113)
	at org.testng.remote.RemoteTestNG.initAndRun(RemoteTestNG.java:206)
	at org.testng.remote.RemoteTestNG.main(RemoteTestNG.java:177)
Caused by: java.lang.ClassNotFoundException: org.apache.commons.compress.archivers.ArchiveInputStream
	at java.net.URLClassLoader.findClass(URLClassLoader.java:381)
	at java.lang.ClassLoader.loadClass(ClassLoader.java:424)
	at sun.misc.Launcher$AppClassLoader.loadClass(Launcher.java:349)
	at java.lang.ClassLoader.loadClass(ClassLoader.java:357)
	... 28 more
]]>
            </full-stacktrace>
          </exception> <!-- java.lang.NoClassDefFoundError -->
          <reporter-output>
          </reporter-output>
        </test-method> <!-- beforeSuite -->
      </class> <!-- com.Ezcontent.Automation.SetupSuite -->
      <class name="com.Ezcontent.Automation.LoginPage">
        <test-method status="SKIP" signature="loginPage()[pri:0, instance:com.Ezcontent.Automation.LoginPage@2c8d66b2]" name="loginPage" duration-ms="0" started-at="2020-04-21T12:47:08Z" finished-at="2020-04-21T12:47:08Z">
          <reporter-output>
          </reporter-output>
        </test-method> <!-- loginPage -->
      </class> <!-- com.Ezcontent.Automation.LoginPage -->
    </test> <!-- Test -->
  </suite> <!-- Suite -->
</testng-results>
